This is LuaTeX, Version beta-0.79.1 (TeX Live 2015/dev/Debian) (rev 4971)  (format=lualatex 2015.4.8)  27 APR 2015 13:45
 restricted \write18 enabled.
**puzzle
(./puzzle.tex
LaTeX2e <2014/05/01>
Babel <3.9l> and hyphenation patterns for 27 languages loaded.
(/usr/share/texlive/texmf-dist/tex/latex/base/article.cls
Document Class: article 2014/09/29 v1.4h Standard LaTeX document class
(/usr/share/texlive/texmf-dist/tex/latex/base/size10.clo
File: size10.clo 2014/09/29 v1.4h Standard LaTeX file (size option)
)
\c@part=\count79
\c@section=\count80
\c@subsection=\count81
\c@subsubsection=\count82
\c@paragraph=\count83
\c@subparagraph=\count84
\c@figure=\count85
\c@table=\count86
\abovecaptionskip=\skip41
\belowcaptionskip=\skip42
\bibindent=\dimen102
)
(/home/veronica/texmf/tex/latex/crossword/cwpuzzle.sty
Package: cwpuzzle 2014/01/12 1.9 for typesetting crossword puzzles and more. 
Package: cwpuzzle 2014/01/12gene
(/usr/share/texlive/texmf-dist/tex/latex/amsfonts/amssymb.sty
Package: amssymb 2013/01/14 v3.01 AMS font symbols

(/usr/share/texlive/texmf-dist/tex/latex/amsfonts/amsfonts.sty
Package: amsfonts 2013/01/14 v3.01 Basic AMSFonts support
\@emptytoks=\toks14
\symAMSa=\mathgroup4
\symAMSb=\mathgroup5
LaTeX Font Info:    Overwriting math alphabet `\mathfrak' in version `bold'
(Font)                  U/euf/m/n --> U/euf/b/n on input line 106.
))
\PuzzleUnitlength=\dimen103
\Puzzle@X=\count87
\Puzzle@Y=\count88
) (./puzzle.aux)
LaTeX Font Info:    Checking defaults for OML/cmm/m/it on input line 3.
LaTeX Font Info:    ... okay on input line 3.
LaTeX Font Info:    Checking defaults for T1/cmr/m/n on input line 3.
LaTeX Font Info:    ... okay on input line 3.
LaTeX Font Info:    Checking defaults for OT1/cmr/m/n on input line 3.
LaTeX Font Info:    ... okay on input line 3.
LaTeX Font Info:    Checking defaults for OMS/cmsy/m/n on input line 3.
LaTeX Font Info:    ... okay on input line 3.
LaTeX Font Info:    Checking defaults for OMX/cmex/m/n on input line 3.
LaTeX Font Info:    ... okay on input line 3.
LaTeX Font Info:    Checking defaults for U/cmr/m/n on input line 3.
LaTeX Font Info:    ... okay on input line 3.

Overfull \hbox (37.22221pt too wide) in paragraph at lines 4--35
[][]  []
 []

[1

{/home/veronica/.texmf-var/fonts/map/pdftex/updmap/pdftex.map}]
Overfull \vbox (50.0pt too high) has occurred while \output is active []

 [2]
Underfull \hbox (badness 10000) in paragraph at lines 37--52

 []


Underfull \hbox (badness 10000) in paragraph at lines 53--69

 []

[3] (./puzzle.aux))

Here is how much of LuaTeX's memory you used:
 626 strings out of 494474
 100000,552014 words of node,token memory allocated
 267 words of node memory still in use:
   2 hlist, 1 vlist, 1 rule, 2 glue, 40 glue_spec, 1 write nodes
   avail lists: 2:16,3:69,4:2385,5:432,6:425,7:698,9:1139,10:21
 4351 multiletter control sequences out of 65536+600000
 20 fonts using 570987 bytes
 32i,8n,28p,163b,169s stack positions out of 5000i,500n,10000p,200000b,100000s
<</usr/share/texlive/texmf-dist/fonts/type1/public/amsfonts/cm/cmbx8.pfb><</usr/
share/texlive/texmf-dist/fonts/type1/public/amsfonts/cm/cmr10.pfb><</usr/share/t
exlive/texmf-dist/fonts/type1/public/amsfonts/cm/cmr8.pfb><</usr/share/texlive/t
exmf-dist/fonts/type1/public/amsfonts/cm/cmss8.pfb>
Output written on puzzle.pdf (3 pages, 44762 bytes).

PDF statistics: 30 PDF objects out of 1000 (max. 8388607)
 20 compressed objects within 1 object stream
 0 named destinations out of 1000 (max. 131072)
 1 words of extra memory for PDF output out of 10000 (max. 10000000)

